8 221 268 26 295 86 197 115 205
2 234 170
1 36
5 167 230 202 117 196
6 65 163 43 182 142 104
3 168 258 236
1 179
4 33 224 215 71
2 34 190
1 54
2 180 279
1 216
4 108 32 204 239
3 99 64 101
8 116 254 282 146 135 123 293 240
2 184 121
1 87
1 275
2 110 157
1 41
7 164 96 128 29 31 250 264
1 0
1 296
1 80
1 88
10 8 25 81 120 228 251 126 30 231 154
4 72 39 16 98
4 103 281 111 291
12 4 185 241 122 209 27 271 298 90 93 235 283
2 212 207
1 85
7 134 67 242 266 265 55 152
3 7 14 47
1 249
3 299 3 50
3 286 11 195
1 75
7 24 174 12 66 192 141 280
3 161 149 247
9 210 189 49 94 153 9 52 278 77
1 62
7 246 100 17 132 2 175 165
1 13
1 294
3 159 222 217
2 162 244
3 220 61 269
2 148 84
4 203 188 177 272
1 92
2 259 68
1 133
1 127
7 276 28 22 237 106 223 145
2 95 69
5 58 255 97 229 194
2 193 40
5 136 102 114 89 73
1 260
2 137 270
2 150 158
1 107
4 227 274 130 183
1 144
1 218
4 56 10 208 169
4 105 257 173 151
3 171 191 253
1 225
2 74 284
1 273
3 263 37 143
3 125 172 214
1 187
3 261 23 160
1 38
2 285 76
1 15
2 19 211
3 198 51 289
1 290
4 18 199 112 78
1 267
2 44 243
1 60
4 57 70 5 292
1 63
1 200
5 113 248 20 201 1
7 226 82 118 119 138 262 46
2 129 140
12 245 48 42 124 45 35 219 238 288 155 297 176
2 156 233
3 232 181 59
1 79
1 166
1 53
4 21 109 147 6
1 91
11 213 277 83 131 287 139 252 186 256 178 206
